{"contracts/Sale.sol":{"l":{"17":13,"18":13,"19":13,"20":13,"21":13,"22":13,"23":13,"24":13,"28":5,"29":4,"30":4,"31":4,"32":4,"33":4,"34":4,"38":1},"path":"/Users/bobbyborisov/code/solidity/salex/contracts/Sale.sol","s":{"1":13,"2":13,"3":13,"4":13,"5":13,"6":13,"7":13,"8":13,"9":5,"10":4,"11":4,"12":4,"13":1},"b":{"1":[4,1]},"f":{"1":13,"2":5,"3":1},"fnMap":{"1":{"name":null,"line":16,"loc":{"start":{"line":16,"column":4},"end":{"line":16,"column":131}}},"2":{"name":"buy","line":27,"loc":{"start":{"line":27,"column":4},"end":{"line":27,"column":31}}},"3":{"name":"getSummary","line":37,"loc":{"start":{"line":37,"column":4},"end":{"line":37,"column":97}}}},"statementMap":{"1":{"start":{"line":17,"column":8},"end":{"line":17,"column":21}},"2":{"start":{"line":18,"column":8},"end":{"line":18,"column":33}},"3":{"start":{"line":19,"column":8},"end":{"line":19,"column":21}},"4":{"start":{"line":20,"column":8},"end":{"line":20,"column":29}},"5":{"start":{"line":21,"column":8},"end":{"line":21,"column":45}},"6":{"start":{"line":22,"column":8},"end":{"line":22,"column":25}},"7":{"start":{"line":23,"column":8},"end":{"line":23,"column":33}},"8":{"start":{"line":24,"column":8},"end":{"line":24,"column":23}},"9":{"start":{"line":28,"column":8},"end":{"line":28,"column":34}},"10":{"start":{"line":29,"column":8},"end":{"line":29,"column":58}},"11":{"start":{"line":32,"column":8},"end":{"line":32,"column":20}},"12":{"start":{"line":33,"column":8},"end":{"line":33,"column":55}},"13":{"start":{"line":38,"column":8},"end":{"line":38,"column":1196}}},"branchMap":{"1":{"line":28,"type":"if","locations":[{"start":{"line":28,"column":8},"end":{"line":28,"column":8}},{"start":{"line":28,"column":8},"end":{"line":28,"column":8}}]}}},"contracts/SaleFactory.sol":{"l":{"21":5,"22":5,"26":2,"27":1,"31":13,"32":13,"36":12,"40":1,"44":1,"48":4,"55":4,"57":4,"58":2,"63":1,"67":1,"71":1,"72":1,"73":1,"74":1,"75":1,"79":1},"path":"/Users/bobbyborisov/code/solidity/salex/contracts/SaleFactory.sol","s":{"1":5,"2":5,"3":2,"4":13,"5":12,"6":1,"7":1,"8":4,"9":4,"10":1,"11":1,"12":1,"13":1,"14":1,"15":1,"16":1},"b":{"1":[1,1],"2":[2,2]},"f":{"1":5,"2":2,"3":13,"4":12,"5":1,"6":1,"7":4,"8":1,"9":1,"10":1,"11":1,"12":4},"fnMap":{"1":{"name":null,"line":20,"loc":{"start":{"line":20,"column":4},"end":{"line":20,"column":22}}},"2":{"name":"restricted","line":25,"loc":{"start":{"line":25,"column":4},"end":{"line":25,"column":22}}},"3":{"name":"createSale","line":30,"loc":{"start":{"line":30,"column":4},"end":{"line":30,"column":92}}},"4":{"name":"getDeployedSales","line":35,"loc":{"start":{"line":35,"column":4},"end":{"line":35,"column":59}}},"5":{"name":"getDeployedSalesCount","line":39,"loc":{"start":{"line":39,"column":4},"end":{"line":39,"column":59}}},"6":{"name":"getBalance","line":43,"loc":{"start":{"line":43,"column":4},"end":{"line":43,"column":48}}},"7":{"name":"recordTransaction","line":47,"loc":{"start":{"line":47,"column":4},"end":{"line":47,"column":118}}},"8":{"name":"getTransactionsCount","line":62,"loc":{"start":{"line":62,"column":4},"end":{"line":62,"column":58}}},"9":{"name":"random","line":66,"loc":{"start":{"line":66,"column":4},"end":{"line":66,"column":46}}},"10":{"name":"pickWinner","line":70,"loc":{"start":{"line":70,"column":4},"end":{"line":70,"column":55}}},"11":{"name":"getGiveAwayParticipants","line":78,"loc":{"start":{"line":78,"column":4},"end":{"line":78,"column":66}}},"12":{"name":null,"line":82,"loc":{"start":{"line":82,"column":4},"end":{"line":82,"column":20}}}},"statementMap":{"1":{"start":{"line":21,"column":8},"end":{"line":21,"column":29}},"2":{"start":{"line":22,"column":8},"end":{"line":22,"column":27}},"3":{"start":{"line":26,"column":8},"end":{"line":26,"column":37}},"4":{"start":{"line":31,"column":8},"end":{"line":31,"column":102}},"5":{"start":{"line":36,"column":8},"end":{"line":36,"column":28}},"6":{"start":{"line":40,"column":6},"end":{"line":40,"column":33}},"7":{"start":{"line":44,"column":8},"end":{"line":44,"column":27}},"8":{"start":{"line":48,"column":8},"end":{"line":48,"column":1298}},"9":{"start":{"line":57,"column":8},"end":{"line":57,"column":1576}},"10":{"start":{"line":63,"column":8},"end":{"line":63,"column":34}},"11":{"start":{"line":67,"column":8},"end":{"line":67,"column":32}},"12":{"start":{"line":71,"column":8},"end":{"line":71,"column":58}},"13":{"start":{"line":72,"column":8},"end":{"line":72,"column":50}},"14":{"start":{"line":74,"column":8},"end":{"line":74,"column":47}},"15":{"start":{"line":75,"column":8},"end":{"line":75,"column":46}},"16":{"start":{"line":79,"column":8},"end":{"line":79,"column":35}}},"branchMap":{"1":{"line":26,"type":"if","locations":[{"start":{"line":26,"column":8},"end":{"line":26,"column":8}},{"start":{"line":26,"column":8},"end":{"line":26,"column":8}}]},"2":{"line":57,"type":"if","locations":[{"start":{"line":57,"column":8},"end":{"line":57,"column":8}},{"start":{"line":57,"column":8},"end":{"line":57,"column":8}}]}}}}