{"contracts/Sale.sol":{"l":{"17":0,"18":0,"22":4,"23":4,"24":4,"25":4,"26":4,"27":4,"28":4,"29":4,"33":2,"34":1,"35":1,"36":1,"37":1,"38":1,"39":1,"43":1,"54":0},"path":"/Users/bobbyborisov/code/solidity/salex/contracts/Sale.sol","s":{"1":0,"2":4,"3":4,"4":4,"5":4,"6":4,"7":4,"8":4,"9":4,"10":2,"11":1,"12":1,"13":1,"14":1,"15":0},"b":{"1":[0,0],"2":[1,1]},"f":{"1":0,"2":4,"3":2,"4":1,"5":0},"fnMap":{"1":{"name":"restricted","line":16,"loc":{"start":{"line":16,"column":4},"end":{"line":16,"column":22}}},"2":{"name":null,"line":21,"loc":{"start":{"line":21,"column":4},"end":{"line":21,"column":131}}},"3":{"name":"buy","line":32,"loc":{"start":{"line":32,"column":4},"end":{"line":32,"column":31}}},"4":{"name":"getSummary","line":42,"loc":{"start":{"line":42,"column":4},"end":{"line":42,"column":88}}},"5":{"name":"sendHash","line":53,"loc":{"start":{"line":53,"column":4},"end":{"line":53,"column":56}}}},"statementMap":{"1":{"start":{"line":17,"column":8},"end":{"line":17,"column":37}},"2":{"start":{"line":22,"column":8},"end":{"line":22,"column":21}},"3":{"start":{"line":23,"column":8},"end":{"line":23,"column":33}},"4":{"start":{"line":24,"column":8},"end":{"line":24,"column":21}},"5":{"start":{"line":25,"column":8},"end":{"line":25,"column":29}},"6":{"start":{"line":26,"column":8},"end":{"line":26,"column":45}},"7":{"start":{"line":27,"column":8},"end":{"line":27,"column":25}},"8":{"start":{"line":28,"column":8},"end":{"line":28,"column":33}},"9":{"start":{"line":29,"column":8},"end":{"line":29,"column":23}},"10":{"start":{"line":33,"column":8},"end":{"line":33,"column":34}},"11":{"start":{"line":34,"column":8},"end":{"line":34,"column":58}},"12":{"start":{"line":37,"column":8},"end":{"line":37,"column":20}},"13":{"start":{"line":38,"column":8},"end":{"line":38,"column":55}},"14":{"start":{"line":43,"column":8},"end":{"line":43,"column":1272}},"15":{"start":{"line":54,"column":8},"end":{"line":54,"column":29}}},"branchMap":{"1":{"line":17,"type":"if","locations":[{"start":{"line":17,"column":8},"end":{"line":17,"column":8}},{"start":{"line":17,"column":8},"end":{"line":17,"column":8}}]},"2":{"line":33,"type":"if","locations":[{"start":{"line":33,"column":8},"end":{"line":33,"column":8}},{"start":{"line":33,"column":8},"end":{"line":33,"column":8}}]}}},"contracts/SaleFactory.sol":{"l":{"19":1,"20":1,"24":4,"25":4,"29":4,"33":0,"37":1,"41":1,"48":1,"52":0},"path":"/Users/bobbyborisov/code/solidity/salex/contracts/SaleFactory.sol","s":{"1":1,"2":1,"3":4,"4":4,"5":0,"6":1,"7":1,"8":0},"b":{},"f":{"1":1,"2":4,"3":4,"4":0,"5":1,"6":1,"7":0,"8":1},"fnMap":{"1":{"name":null,"line":18,"loc":{"start":{"line":18,"column":4},"end":{"line":18,"column":22}}},"2":{"name":"createSale","line":23,"loc":{"start":{"line":23,"column":4},"end":{"line":23,"column":92}}},"3":{"name":"getDeployedSales","line":28,"loc":{"start":{"line":28,"column":4},"end":{"line":28,"column":59}}},"4":{"name":"getDeployedSalesCount","line":32,"loc":{"start":{"line":32,"column":4},"end":{"line":32,"column":59}}},"5":{"name":"getBalance","line":36,"loc":{"start":{"line":36,"column":4},"end":{"line":36,"column":48}}},"6":{"name":"recordTransaction","line":40,"loc":{"start":{"line":40,"column":4},"end":{"line":40,"column":118}}},"7":{"name":"getTransactionsCount","line":51,"loc":{"start":{"line":51,"column":4},"end":{"line":51,"column":58}}},"8":{"name":null,"line":55,"loc":{"start":{"line":55,"column":4},"end":{"line":55,"column":20}}}},"statementMap":{"1":{"start":{"line":19,"column":8},"end":{"line":19,"column":29}},"2":{"start":{"line":20,"column":8},"end":{"line":20,"column":27}},"3":{"start":{"line":24,"column":8},"end":{"line":24,"column":102}},"4":{"start":{"line":29,"column":8},"end":{"line":29,"column":28}},"5":{"start":{"line":33,"column":6},"end":{"line":33,"column":33}},"6":{"start":{"line":37,"column":8},"end":{"line":37,"column":27}},"7":{"start":{"line":41,"column":8},"end":{"line":41,"column":1139}},"8":{"start":{"line":52,"column":8},"end":{"line":52,"column":34}}},"branchMap":{}}}